D:\SAHID_DEVELOPMENT\MERUCABSBOOKINGAPPLICATION\MERUCABSBOOKINGAPPLICATION\DEBUG\MERUCABSBOOKINGAPPLICATION.PCH
D:\SAHID_DEVELOPMENT\MERUCABSBOOKINGAPPLICATION\MERUCABSBOOKINGAPPLICATION\DEBUG\STDAFX.OBJ
D:\SAHID_DEVELOPMENT\MERUCABSBOOKINGAPPLICATION\MERUCABSBOOKINGAPPLICATION\DEBUG\VC110.PDB
D:\SAHID_DEVELOPMENT\MERUCABSBOOKINGAPPLICATION\MERUCABSBOOKINGAPPLICATION\DEBUG\FINGERTRACKER.OBJ
D:\SAHID_DEVELOPMENT\MERUCABSBOOKINGAPPLICATION\MERUCABSBOOKINGAPPLICATION\DEBUG\NITEHANDTRACKER.OBJ
D:\SAHID_DEVELOPMENT\MERUCABSBOOKINGAPPLICATION\MERUCABSBOOKINGAPPLICATION\DEBUG\MERUCABSBOOKINGAPPLICATION.OBJ
D:\SAHID_DEVELOPMENT\MERUCABSBOOKINGAPPLICATION\MERUCABSBOOKINGAPPLICATION\DEBUG\MERUCABSBOOKINGAPPLICATIONDLG.OBJ
D:\SAHID_DEVELOPMENT\MERUCABSBOOKINGAPPLICATION\MERUCABSBOOKINGAPPLICATION\DEBUG\OPENCVFACERECOGNITION.OBJ
D:\SAHID_DEVELOPMENT\MERUCABSBOOKINGAPPLICATION\MERUCABSBOOKINGAPPLICATION\DEBUG\OPENCVKINECT.OBJ
D:\SAHID_DEVELOPMENT\MERUCABSBOOKINGAPPLICATION\DEBUG\MERUCABSBOOKINGAPPLICATION.ILK
D:\SAHID_DEVELOPMENT\MERUCABSBOOKINGAPPLICATION\DEBUG\MERUCABSBOOKINGAPPLICATION.EXE
D:\SAHID_DEVELOPMENT\MERUCABSBOOKINGAPPLICATION\DEBUG\MERUCABSBOOKINGAPPLICATION.PDB
D:\SAHID_DEVELOPMENT\MERUCABSBOOKINGAPPLICATION\MERUCABSBOOKINGAPPLICATION\DEBUG\MERUCABSBOOKINGAPPLICATION.RES
D:\Sahid_Development\MeruCabsBookingApplication\MeruCabsBookingApplication\Debug\FingerTracker.obj
D:\Sahid_Development\MeruCabsBookingApplication\MeruCabsBookingApplication\Debug\MeruCabsBookingApplication.obj
D:\Sahid_Development\MeruCabsBookingApplication\MeruCabsBookingApplication\Debug\MeruCabsBookingApplicationDlg.obj
D:\Sahid_Development\MeruCabsBookingApplication\MeruCabsBookingApplication\Debug\NiTEHandTracker.obj
D:\Sahid_Development\MeruCabsBookingApplication\MeruCabsBookingApplication\Debug\OpenCVFaceRecognition.obj
D:\Sahid_Development\MeruCabsBookingApplication\MeruCabsBookingApplication\Debug\OpenCVKinect.obj
D:\Sahid_Development\MeruCabsBookingApplication\MeruCabsBookingApplication\Debug\stdafx.obj
D:\Sahid_Development\MeruCabsBookingApplication\MeruCabsBookingApplication\Debug\cl.command.1.tlog
D:\Sahid_Development\MeruCabsBookingApplication\MeruCabsBookingApplication\Debug\CL.read.1.tlog
D:\Sahid_Development\MeruCabsBookingApplication\MeruCabsBookingApplication\Debug\CL.write.1.tlog
D:\Sahid_Development\MeruCabsBookingApplication\MeruCabsBookingApplication\Debug\link-cvtres.read.1.tlog
D:\Sahid_Development\MeruCabsBookingApplication\MeruCabsBookingApplication\Debug\link-cvtres.write.1.tlog
D:\Sahid_Development\MeruCabsBookingApplication\MeruCabsBookingApplication\Debug\link-mt.read.1.tlog
D:\Sahid_Development\MeruCabsBookingApplication\MeruCabsBookingApplication\Debug\link-mt.write.1.tlog
D:\Sahid_Development\MeruCabsBookingApplication\MeruCabsBookingApplication\Debug\link-rc.read.1.tlog
D:\Sahid_Development\MeruCabsBookingApplication\MeruCabsBookingApplication\Debug\link-rc.write.1.tlog
D:\Sahid_Development\MeruCabsBookingApplication\MeruCabsBookingApplication\Debug\link.command.1.tlog
D:\Sahid_Development\MeruCabsBookingApplication\MeruCabsBookingApplication\Debug\link.read.1.tlog
D:\Sahid_Development\MeruCabsBookingApplication\MeruCabsBookingApplication\Debug\link.write.1.tlog
D:\Sahid_Development\MeruCabsBookingApplication\MeruCabsBookingApplication\Debug\rc.command.1.tlog
D:\Sahid_Development\MeruCabsBookingApplication\MeruCabsBookingApplication\Debug\rc.read.1.tlog
D:\Sahid_Development\MeruCabsBookingApplication\MeruCabsBookingApplication\Debug\rc.write.1.tlog
D:\Sahid_Development\MeruCabsBookingApplication\MeruCabsBookingApplication\Debug\MeruCabsBookingApplication.res
D:\Sahid_Development\MeruCabsBookingApplication\MeruCabsBookingApplication\Debug\MeruCabsBookingApplication.pch
D:\Sahid_Development\MeruCabsBookingApplication\MeruCabsBookingApplication\Debug\vc110.idb
D:\Sahid_Development\MeruCabsBookingApplication\MeruCabsBookingApplication\Debug\vc110.pdb
D:\Sahid_Development\MeruCabsBookingApplication\Debug\MeruCabsBookingApplication.pdb
D:\Sahid_Development\MeruCabsBookingApplication\Debug\MeruCabsBookingApplication.exe
D:\Sahid_Development\MeruCabsBookingApplication\Debug\MeruCabsBookingApplication.ilk
